九月 17, 2018 11:40:52 上午 org.apache.catalina.core.AprLifecycleListener init
信息: The APR based Apache Tomcat Native library which allows optimal performance in production environments was not found on the java.library.path: D:\Java\jdk1.8.0_31\bin;C:\WINDOWS\Sun\Java\bin;C:\WINDOWS\system32;C:\WINDOWS;F:\VanDyke Software\Clients\;C:\Program Files (x86)\Common Files\NetSarang;F:\OracleXE\app\oracle\product\11.2.0\server\bin;F:\Oracle\app\oracle\product\11.2.0\server\bin;C:\myprograms\hadoop-2.7.1\bin;C:\myprograms\hadoop-2.7.1\sbin;D:\Java\jdk1.8.0_31\bin;D:\Java\jdk1.8.0_31\jre;C:\WINDOWS\system32;C:\WINDOWS;C:\WINDOWS\System32\Wbem;C:\WINDOWS\System32\WindowsPowerShell\v1.0\;C:\Program Files\MySQL\MySQL Server 8.0\bin;D:\dev\Git\cmd;D:\Python;F:\Oracle\app\oracle\product\11.2.0\server\network\ADMIN;D:\Python\scripts;D:\Python\Lib\site-packages;F:\svn\bin;C:\Program Files\nodejs\;C:\WINDOWS\System32\OpenSSH\;D:\Maven\apache-maven-3.5.4\bin;C:\Program Files (x86)\MySQL\MySQL Utilities 1.6\;C:\Program Files\dotnet\;C:\Program Files\Microsoft SQL Server\130\Tools\Binn\;D:\RailsInstaller\Git\cmd;D:\RailsInstaller\Ruby2.1.0\bin;D:\Ruby24-x64\bin;C:\Users\Leon\AppData\Local\Microsoft\WindowsApps;C:\Users\Leon\AppData\Local\GitHubDesktop\bin;F:\securitySSH;F:\Microsoft VS Code\bin;C:\Users\Leon\AppData\Roaming\npm;C:\Users\Leon\AppData\Local\atom\bin;C:\Users\Leon\AppData\Local\Microsoft\WindowsApps;.
九月 17, 2018 11:40:52 上午 org.apache.coyote.AbstractProtocol init
信息: Initializing ProtocolHandler ["http-bio-8080"]
九月 17, 2018 11:40:52 上午 org.apache.coyote.AbstractProtocol init
严重: Failed to initialize end point associated with ProtocolHandler ["http-bio-8080"]
java.net.BindException: Address already in use: JVM_Bind <null>:8080
	at org.apache.tomcat.util.net.JIoEndpoint.bind(JIoEndpoint.java:410)
	at org.apache.tomcat.util.net.AbstractEndpoint.init(AbstractEndpoint.java:640)
	at org.apache.coyote.AbstractProtocol.init(AbstractProtocol.java:434)
	at org.apache.coyote.http11.AbstractHttp11JsseProtocol.init(AbstractHttp11JsseProtocol.java:119)
	at org.apache.catalina.connector.Connector.initInternal(Connector.java:978)
	at org.apache.catalina.util.LifecycleBase.init(LifecycleBase.java:102)
	at org.apache.catalina.core.StandardService.initInternal(StandardService.java:559)
	at org.apache.catalina.util.LifecycleBase.init(LifecycleBase.java:102)
	at org.apache.catalina.core.StandardServer.initInternal(StandardServer.java:813)
	at org.apache.catalina.util.LifecycleBase.init(LifecycleBase.java:102)
	at org.apache.catalina.startup.Catalina.load(Catalina.java:638)
	at org.apache.catalina.startup.Catalina.load(Catalina.java:663)
	at sun.reflect.NativeMethodAccessorImpl.invoke0(Native Method)
	at sun.reflect.NativeMethodAccessorImpl.invoke(NativeMethodAccessorImpl.java:62)
	at sun.reflect.DelegatingMethodAccessorImpl.invoke(DelegatingMethodAccessorImpl.java:43)
	at java.lang.reflect.Method.invoke(Method.java:483)
	at org.apache.catalina.startup.Bootstrap.load(Bootstrap.java:280)
	at org.apache.catalina.startup.Bootstrap.main(Bootstrap.java:454)
Caused by: java.net.BindException: Address already in use: JVM_Bind
	at java.net.DualStackPlainSocketImpl.bind0(Native Method)
	at java.net.DualStackPlainSocketImpl.socketBind(DualStackPlainSocketImpl.java:106)
	at java.net.AbstractPlainSocketImpl.bind(AbstractPlainSocketImpl.java:382)
	at java.net.PlainSocketImpl.bind(PlainSocketImpl.java:190)
	at java.net.ServerSocket.bind(ServerSocket.java:375)
	at java.net.ServerSocket.<init>(ServerSocket.java:237)
	at java.net.ServerSocket.<init>(ServerSocket.java:181)
	at org.apache.tomcat.util.net.DefaultServerSocketFactory.createSocket(DefaultServerSocketFactory.java:49)
	at org.apache.tomcat.util.net.JIoEndpoint.bind(JIoEndpoint.java:397)
	... 17 more

九月 17, 2018 11:40:52 上午 org.apache.catalina.core.StandardService initInternal
严重: Failed to initialize connector [Connector[HTTP/1.1-8080]]
org.apache.catalina.LifecycleException: Failed to initialize component [Connector[HTTP/1.1-8080]]
	at org.apache.catalina.util.LifecycleBase.init(LifecycleBase.java:106)
	at org.apache.catalina.core.StandardService.initInternal(StandardService.java:559)
	at org.apache.catalina.util.LifecycleBase.init(LifecycleBase.java:102)
	at org.apache.catalina.core.StandardServer.initInternal(StandardServer.java:813)
	at org.apache.catalina.util.LifecycleBase.init(LifecycleBase.java:102)
	at org.apache.catalina.startup.Catalina.load(Catalina.java:638)
	at org.apache.catalina.startup.Catalina.load(Catalina.java:663)
	at sun.reflect.NativeMethodAccessorImpl.invoke0(Native Method)
	at sun.reflect.NativeMethodAccessorImpl.invoke(NativeMethodAccessorImpl.java:62)
	at sun.reflect.DelegatingMethodAccessorImpl.invoke(DelegatingMethodAccessorImpl.java:43)
	at java.lang.reflect.Method.invoke(Method.java:483)
	at org.apache.catalina.startup.Bootstrap.load(Bootstrap.java:280)
	at org.apache.catalina.startup.Bootstrap.main(Bootstrap.java:454)
Caused by: org.apache.catalina.LifecycleException: Protocol handler initialization failed
	at org.apache.catalina.connector.Connector.initInternal(Connector.java:980)
	at org.apache.catalina.util.LifecycleBase.init(LifecycleBase.java:102)
	... 12 more
Caused by: java.net.BindException: Address already in use: JVM_Bind <null>:8080
	at org.apache.tomcat.util.net.JIoEndpoint.bind(JIoEndpoint.java:410)
	at org.apache.tomcat.util.net.AbstractEndpoint.init(AbstractEndpoint.java:640)
	at org.apache.coyote.AbstractProtocol.init(AbstractProtocol.java:434)
	at org.apache.coyote.http11.AbstractHttp11JsseProtocol.init(AbstractHttp11JsseProtocol.java:119)
	at org.apache.catalina.connector.Connector.initInternal(Connector.java:978)
	... 13 more
Caused by: java.net.BindException: Address already in use: JVM_Bind
	at java.net.DualStackPlainSocketImpl.bind0(Native Method)
	at java.net.DualStackPlainSocketImpl.socketBind(DualStackPlainSocketImpl.java:106)
	at java.net.AbstractPlainSocketImpl.bind(AbstractPlainSocketImpl.java:382)
	at java.net.PlainSocketImpl.bind(PlainSocketImpl.java:190)
	at java.net.ServerSocket.bind(ServerSocket.java:375)
	at java.net.ServerSocket.<init>(ServerSocket.java:237)
	at java.net.ServerSocket.<init>(ServerSocket.java:181)
	at org.apache.tomcat.util.net.DefaultServerSocketFactory.createSocket(DefaultServerSocketFactory.java:49)
	at org.apache.tomcat.util.net.JIoEndpoint.bind(JIoEndpoint.java:397)
	... 17 more

九月 17, 2018 11:40:52 上午 org.apache.coyote.AbstractProtocol init
信息: Initializing ProtocolHandler ["ajp-bio-8009"]
九月 17, 2018 11:40:52 上午 org.apache.catalina.startup.Catalina load
信息: Initialization processed in 497 ms
九月 17, 2018 11:40:52 上午 org.apache.catalina.core.StandardService startInternal
信息: Starting service Catalina
九月 17, 2018 11:40:52 上午 org.apache.catalina.core.StandardEngine startInternal
信息: Starting Servlet Engine: Apache Tomcat/7.0.52
九月 17, 2018 11:40:52 上午 org.apache.catalina.startup.HostConfig deployWAR
信息: Deploying web application archive F:\DownLoads\17品优购电商系统开发\apache-tomcat-CAS\apache-tomcat-7.0.52\webapps\cas.war
九月 17, 2018 11:41:42 上午 org.apache.catalina.core.AprLifecycleListener init
信息: The APR based Apache Tomcat Native library which allows optimal performance in production environments was not found on the java.library.path: D:\Java\jdk1.8.0_31\bin;C:\WINDOWS\Sun\Java\bin;C:\WINDOWS\system32;C:\WINDOWS;F:\VanDyke Software\Clients\;C:\Program Files (x86)\Common Files\NetSarang;F:\OracleXE\app\oracle\product\11.2.0\server\bin;F:\Oracle\app\oracle\product\11.2.0\server\bin;C:\myprograms\hadoop-2.7.1\bin;C:\myprograms\hadoop-2.7.1\sbin;D:\Java\jdk1.8.0_31\bin;D:\Java\jdk1.8.0_31\jre;C:\WINDOWS\system32;C:\WINDOWS;C:\WINDOWS\System32\Wbem;C:\WINDOWS\System32\WindowsPowerShell\v1.0\;C:\Program Files\MySQL\MySQL Server 8.0\bin;D:\dev\Git\cmd;D:\Python;F:\Oracle\app\oracle\product\11.2.0\server\network\ADMIN;D:\Python\scripts;D:\Python\Lib\site-packages;F:\svn\bin;C:\Program Files\nodejs\;C:\WINDOWS\System32\OpenSSH\;D:\Maven\apache-maven-3.5.4\bin;C:\Program Files (x86)\MySQL\MySQL Utilities 1.6\;C:\Program Files\dotnet\;C:\Program Files\Microsoft SQL Server\130\Tools\Binn\;D:\RailsInstaller\Git\cmd;D:\RailsInstaller\Ruby2.1.0\bin;D:\Ruby24-x64\bin;C:\Users\Leon\AppData\Local\Microsoft\WindowsApps;C:\Users\Leon\AppData\Local\GitHubDesktop\bin;F:\securitySSH;F:\Microsoft VS Code\bin;C:\Users\Leon\AppData\Roaming\npm;C:\Users\Leon\AppData\Local\atom\bin;C:\Users\Leon\AppData\Local\Microsoft\WindowsApps;.
九月 17, 2018 11:41:42 上午 org.apache.coyote.AbstractProtocol init
信息: Initializing ProtocolHandler ["http-bio-8075"]
九月 17, 2018 11:41:42 上午 org.apache.coyote.AbstractProtocol init
信息: Initializing ProtocolHandler ["ajp-bio-8009"]
九月 17, 2018 11:41:42 上午 org.apache.catalina.startup.Catalina load
信息: Initialization processed in 429 ms
九月 17, 2018 11:41:42 上午 org.apache.catalina.core.StandardService startInternal
信息: Starting service Catalina
九月 17, 2018 11:41:42 上午 org.apache.catalina.core.StandardEngine startInternal
信息: Starting Servlet Engine: Apache Tomcat/7.0.52
九月 17, 2018 11:41:42 上午 org.apache.catalina.startup.HostConfig deployWAR
信息: Deploying web application archive F:\DownLoads\17品优购电商系统开发\apache-tomcat-CAS\apache-tomcat-7.0.52\webapps\cas.war
九月 17, 2018 11:41:48 上午 org.apache.catalina.startup.HostConfig deployDirectory
信息: Deploying web application directory F:\DownLoads\17品优购电商系统开发\apache-tomcat-CAS\apache-tomcat-7.0.52\webapps\docs
九月 17, 2018 11:41:48 上午 org.apache.catalina.startup.HostConfig deployDirectory
信息: Deploying web application directory F:\DownLoads\17品优购电商系统开发\apache-tomcat-CAS\apache-tomcat-7.0.52\webapps\examples
九月 17, 2018 11:41:48 上午 org.apache.catalina.startup.HostConfig deployDirectory
信息: Deploying web application directory F:\DownLoads\17品优购电商系统开发\apache-tomcat-CAS\apache-tomcat-7.0.52\webapps\host-manager
九月 17, 2018 11:41:48 上午 org.apache.catalina.startup.HostConfig deployDirectory
信息: Deploying web application directory F:\DownLoads\17品优购电商系统开发\apache-tomcat-CAS\apache-tomcat-7.0.52\webapps\manager
九月 17, 2018 11:41:48 上午 org.apache.catalina.startup.HostConfig deployDirectory
信息: Deploying web application directory F:\DownLoads\17品优购电商系统开发\apache-tomcat-CAS\apache-tomcat-7.0.52\webapps\ROOT
九月 17, 2018 11:41:48 上午 org.apache.coyote.AbstractProtocol start
信息: Starting ProtocolHandler ["http-bio-8075"]
九月 17, 2018 11:41:48 上午 org.apache.coyote.AbstractProtocol start
信息: Starting ProtocolHandler ["ajp-bio-8009"]
九月 17, 2018 11:41:48 上午 org.apache.catalina.startup.Catalina start
信息: Server startup in 6506 ms
九月 17, 2018 11:43:46 上午 org.apache.catalina.core.AprLifecycleListener init
信息: The APR based Apache Tomcat Native library which allows optimal performance in production environments was not found on the java.library.path: D:\Java\jdk1.8.0_31\bin;C:\WINDOWS\Sun\Java\bin;C:\WINDOWS\system32;C:\WINDOWS;F:\VanDyke Software\Clients\;C:\Program Files (x86)\Common Files\NetSarang;F:\OracleXE\app\oracle\product\11.2.0\server\bin;F:\Oracle\app\oracle\product\11.2.0\server\bin;C:\myprograms\hadoop-2.7.1\bin;C:\myprograms\hadoop-2.7.1\sbin;D:\Java\jdk1.8.0_31\bin;D:\Java\jdk1.8.0_31\jre;C:\WINDOWS\system32;C:\WINDOWS;C:\WINDOWS\System32\Wbem;C:\WINDOWS\System32\WindowsPowerShell\v1.0\;C:\Program Files\MySQL\MySQL Server 8.0\bin;D:\dev\Git\cmd;D:\Python;F:\Oracle\app\oracle\product\11.2.0\server\network\ADMIN;D:\Python\scripts;D:\Python\Lib\site-packages;F:\svn\bin;C:\Program Files\nodejs\;C:\WINDOWS\System32\OpenSSH\;D:\Maven\apache-maven-3.5.4\bin;C:\Program Files (x86)\MySQL\MySQL Utilities 1.6\;C:\Program Files\dotnet\;C:\Program Files\Microsoft SQL Server\130\Tools\Binn\;D:\RailsInstaller\Git\cmd;D:\RailsInstaller\Ruby2.1.0\bin;D:\Ruby24-x64\bin;C:\Users\Leon\AppData\Local\Microsoft\WindowsApps;C:\Users\Leon\AppData\Local\GitHubDesktop\bin;F:\securitySSH;F:\Microsoft VS Code\bin;C:\Users\Leon\AppData\Roaming\npm;C:\Users\Leon\AppData\Local\atom\bin;C:\Users\Leon\AppData\Local\Microsoft\WindowsApps;.
九月 17, 2018 11:43:47 上午 org.apache.coyote.AbstractProtocol init
信息: Initializing ProtocolHandler ["http-bio-8075"]
九月 17, 2018 11:43:47 上午 org.apache.coyote.AbstractProtocol init
信息: Initializing ProtocolHandler ["ajp-bio-8009"]
九月 17, 2018 11:43:47 上午 org.apache.catalina.startup.Catalina load
信息: Initialization processed in 457 ms
九月 17, 2018 11:43:47 上午 org.apache.catalina.core.StandardService startInternal
信息: Starting service Catalina
九月 17, 2018 11:43:47 上午 org.apache.catalina.core.StandardEngine startInternal
信息: Starting Servlet Engine: Apache Tomcat/7.0.52
九月 17, 2018 11:43:47 上午 org.apache.catalina.startup.HostConfig deployWAR
信息: Deploying web application archive F:\DownLoads\apache-tomcat-CAS\apache-tomcat-7.0.52\webapps\cas.war
九月 17, 2018 11:43:52 上午 org.apache.catalina.startup.HostConfig deployDirectory
信息: Deploying web application directory F:\DownLoads\apache-tomcat-CAS\apache-tomcat-7.0.52\webapps\docs
九月 17, 2018 11:43:52 上午 org.apache.catalina.startup.HostConfig deployDirectory
信息: Deploying web application directory F:\DownLoads\apache-tomcat-CAS\apache-tomcat-7.0.52\webapps\examples
九月 17, 2018 11:43:53 上午 org.apache.catalina.startup.HostConfig deployDirectory
信息: Deploying web application directory F:\DownLoads\apache-tomcat-CAS\apache-tomcat-7.0.52\webapps\host-manager
九月 17, 2018 11:43:53 上午 org.apache.catalina.startup.HostConfig deployDirectory
信息: Deploying web application directory F:\DownLoads\apache-tomcat-CAS\apache-tomcat-7.0.52\webapps\manager
九月 17, 2018 11:43:53 上午 org.apache.catalina.startup.HostConfig deployDirectory
信息: Deploying web application directory F:\DownLoads\apache-tomcat-CAS\apache-tomcat-7.0.52\webapps\ROOT
九月 17, 2018 11:43:53 上午 org.apache.coyote.AbstractProtocol start
信息: Starting ProtocolHandler ["http-bio-8075"]
九月 17, 2018 11:43:53 上午 org.apache.coyote.AbstractProtocol start
信息: Starting ProtocolHandler ["ajp-bio-8009"]
九月 17, 2018 11:43:53 上午 org.apache.catalina.startup.Catalina start
信息: Server startup in 6143 ms
九月 17, 2018 11:44:18 上午 org.apache.jasper.compiler.TldLocationsCache tldScanJar
信息: At least one JAR was scanned for TLDs yet contained no TLDs. Enable debug logging for this logger for a complete list of JARs that were scanned but no TLDs were found in them. Skipping unneeded JARs during scanning can improve startup time and JSP compilation time.
九月 17, 2018 11:50:06 上午 org.apache.catalina.core.AprLifecycleListener init
信息: The APR based Apache Tomcat Native library which allows optimal performance in production environments was not found on the java.library.path: D:\Java\jdk1.8.0_31\bin;C:\WINDOWS\Sun\Java\bin;C:\WINDOWS\system32;C:\WINDOWS;F:\VanDyke Software\Clients\;C:\Program Files (x86)\Common Files\NetSarang;F:\OracleXE\app\oracle\product\11.2.0\server\bin;F:\Oracle\app\oracle\product\11.2.0\server\bin;C:\myprograms\hadoop-2.7.1\bin;C:\myprograms\hadoop-2.7.1\sbin;D:\Java\jdk1.8.0_31\bin;D:\Java\jdk1.8.0_31\jre;C:\WINDOWS\system32;C:\WINDOWS;C:\WINDOWS\System32\Wbem;C:\WINDOWS\System32\WindowsPowerShell\v1.0\;C:\Program Files\MySQL\MySQL Server 8.0\bin;D:\dev\Git\cmd;D:\Python;F:\Oracle\app\oracle\product\11.2.0\server\network\ADMIN;D:\Python\scripts;D:\Python\Lib\site-packages;F:\svn\bin;C:\Program Files\nodejs\;C:\WINDOWS\System32\OpenSSH\;D:\Maven\apache-maven-3.5.4\bin;C:\Program Files (x86)\MySQL\MySQL Utilities 1.6\;C:\Program Files\dotnet\;C:\Program Files\Microsoft SQL Server\130\Tools\Binn\;D:\RailsInstaller\Git\cmd;D:\RailsInstaller\Ruby2.1.0\bin;D:\Ruby24-x64\bin;C:\Users\Leon\AppData\Local\Microsoft\WindowsApps;C:\Users\Leon\AppData\Local\GitHubDesktop\bin;F:\securitySSH;F:\Microsoft VS Code\bin;C:\Users\Leon\AppData\Roaming\npm;C:\Users\Leon\AppData\Local\atom\bin;C:\Users\Leon\AppData\Local\Microsoft\WindowsApps;.
九月 17, 2018 11:50:06 上午 org.apache.coyote.AbstractProtocol init
信息: Initializing ProtocolHandler ["http-bio-8075"]
九月 17, 2018 11:50:06 上午 org.apache.coyote.AbstractProtocol init
信息: Initializing ProtocolHandler ["ajp-bio-8009"]
九月 17, 2018 11:50:06 上午 org.apache.catalina.startup.Catalina load
信息: Initialization processed in 459 ms
九月 17, 2018 11:50:06 上午 org.apache.catalina.core.StandardService startInternal
信息: Starting service Catalina
九月 17, 2018 11:50:06 上午 org.apache.catalina.core.StandardEngine startInternal
信息: Starting Servlet Engine: Apache Tomcat/7.0.52
九月 17, 2018 11:50:07 上午 org.apache.catalina.startup.HostConfig deployWAR
信息: Deploying web application archive F:\DownLoads\apache-tomcat-CAS\apache-tomcat-7.0.52\webapps\cas.war
九月 17, 2018 11:50:13 上午 org.apache.catalina.startup.HostConfig deployDirectory
信息: Deploying web application directory F:\DownLoads\apache-tomcat-CAS\apache-tomcat-7.0.52\webapps\docs
九月 17, 2018 11:50:14 上午 org.apache.catalina.startup.HostConfig deployDirectory
信息: Deploying web application directory F:\DownLoads\apache-tomcat-CAS\apache-tomcat-7.0.52\webapps\examples
九月 17, 2018 11:50:14 上午 org.apache.catalina.startup.HostConfig deployDirectory
信息: Deploying web application directory F:\DownLoads\apache-tomcat-CAS\apache-tomcat-7.0.52\webapps\host-manager
九月 17, 2018 11:50:14 上午 org.apache.catalina.startup.HostConfig deployDirectory
信息: Deploying web application directory F:\DownLoads\apache-tomcat-CAS\apache-tomcat-7.0.52\webapps\manager
九月 17, 2018 11:50:14 上午 org.apache.catalina.startup.HostConfig deployDirectory
信息: Deploying web application directory F:\DownLoads\apache-tomcat-CAS\apache-tomcat-7.0.52\webapps\ROOT
九月 17, 2018 11:50:14 上午 org.apache.coyote.AbstractProtocol start
信息: Starting ProtocolHandler ["http-bio-8075"]
九月 17, 2018 11:50:14 上午 org.apache.coyote.AbstractProtocol start
信息: Starting ProtocolHandler ["ajp-bio-8009"]
九月 17, 2018 11:50:14 上午 org.apache.catalina.startup.Catalina start
信息: Server startup in 7558 ms
九月 17, 2018 12:17:57 下午 org.apache.catalina.core.AprLifecycleListener init
信息: The APR based Apache Tomcat Native library which allows optimal performance in production environments was not found on the java.library.path: D:\Java\jdk1.8.0_31\bin;C:\WINDOWS\Sun\Java\bin;C:\WINDOWS\system32;C:\WINDOWS;F:\VanDyke Software\Clients\;C:\Program Files (x86)\Common Files\NetSarang;F:\OracleXE\app\oracle\product\11.2.0\server\bin;F:\Oracle\app\oracle\product\11.2.0\server\bin;C:\myprograms\hadoop-2.7.1\bin;C:\myprograms\hadoop-2.7.1\sbin;D:\Java\jdk1.8.0_31\bin;D:\Java\jdk1.8.0_31\jre;C:\WINDOWS\system32;C:\WINDOWS;C:\WINDOWS\System32\Wbem;C:\WINDOWS\System32\WindowsPowerShell\v1.0\;C:\Program Files\MySQL\MySQL Server 8.0\bin;D:\dev\Git\cmd;D:\Python;F:\Oracle\app\oracle\product\11.2.0\server\network\ADMIN;D:\Python\scripts;D:\Python\Lib\site-packages;F:\svn\bin;C:\Program Files\nodejs\;C:\WINDOWS\System32\OpenSSH\;D:\Maven\apache-maven-3.5.4\bin;C:\Program Files (x86)\MySQL\MySQL Utilities 1.6\;C:\Program Files\dotnet\;C:\Program Files\Microsoft SQL Server\130\Tools\Binn\;D:\RailsInstaller\Git\cmd;D:\RailsInstaller\Ruby2.1.0\bin;D:\Ruby24-x64\bin;C:\Users\Leon\AppData\Local\Microsoft\WindowsApps;C:\Users\Leon\AppData\Local\GitHubDesktop\bin;F:\securitySSH;F:\Microsoft VS Code\bin;C:\Users\Leon\AppData\Roaming\npm;C:\Users\Leon\AppData\Local\atom\bin;C:\Users\Leon\AppData\Local\Microsoft\WindowsApps;.
九月 17, 2018 12:17:58 下午 org.apache.coyote.AbstractProtocol init
信息: Initializing ProtocolHandler ["http-bio-9100"]
九月 17, 2018 12:17:58 下午 org.apache.coyote.AbstractProtocol init
信息: Initializing ProtocolHandler ["ajp-bio-8009"]
九月 17, 2018 12:17:58 下午 org.apache.catalina.startup.Catalina load
信息: Initialization processed in 886 ms
九月 17, 2018 12:17:58 下午 org.apache.catalina.core.StandardService startInternal
信息: Starting service Catalina
九月 17, 2018 12:17:58 下午 org.apache.catalina.core.StandardEngine startInternal
信息: Starting Servlet Engine: Apache Tomcat/7.0.52
九月 17, 2018 12:17:58 下午 org.apache.catalina.startup.HostConfig deployWAR
信息: Deploying web application archive F:\DownLoads\apache-tomcat-CAS\apache-tomcat-7.0.52\webapps\cas.war
九月 17, 2018 12:18:13 下午 org.apache.catalina.startup.HostConfig deployDirectory
信息: Deploying web application directory F:\DownLoads\apache-tomcat-CAS\apache-tomcat-7.0.52\webapps\docs
九月 17, 2018 12:18:13 下午 org.apache.catalina.startup.HostConfig deployDirectory
信息: Deploying web application directory F:\DownLoads\apache-tomcat-CAS\apache-tomcat-7.0.52\webapps\examples
九月 17, 2018 12:18:15 下午 org.apache.catalina.startup.HostConfig deployDirectory
信息: Deploying web application directory F:\DownLoads\apache-tomcat-CAS\apache-tomcat-7.0.52\webapps\host-manager
九月 17, 2018 12:18:15 下午 org.apache.catalina.startup.HostConfig deployDirectory
信息: Deploying web application directory F:\DownLoads\apache-tomcat-CAS\apache-tomcat-7.0.52\webapps\manager
九月 17, 2018 12:18:15 下午 org.apache.catalina.startup.HostConfig deployDirectory
信息: Deploying web application directory F:\DownLoads\apache-tomcat-CAS\apache-tomcat-7.0.52\webapps\ROOT
九月 17, 2018 12:18:15 下午 org.apache.coyote.AbstractProtocol start
信息: Starting ProtocolHandler ["http-bio-9100"]
九月 17, 2018 12:18:16 下午 org.apache.coyote.AbstractProtocol start
信息: Starting ProtocolHandler ["ajp-bio-8009"]
九月 17, 2018 12:18:16 下午 org.apache.catalina.startup.Catalina start
信息: Server startup in 18157 ms
九月 17, 2018 12:39:55 下午 org.apache.catalina.core.AprLifecycleListener init
信息: The APR based Apache Tomcat Native library which allows optimal performance in production environments was not found on the java.library.path: D:\Java\jdk1.8.0_31\bin;C:\WINDOWS\Sun\Java\bin;C:\WINDOWS\system32;C:\WINDOWS;F:\VanDyke Software\Clients\;C:\Program Files (x86)\Common Files\NetSarang;F:\OracleXE\app\oracle\product\11.2.0\server\bin;F:\Oracle\app\oracle\product\11.2.0\server\bin;C:\myprograms\hadoop-2.7.1\bin;C:\myprograms\hadoop-2.7.1\sbin;D:\Java\jdk1.8.0_31\bin;D:\Java\jdk1.8.0_31\jre;C:\WINDOWS\system32;C:\WINDOWS;C:\WINDOWS\System32\Wbem;C:\WINDOWS\System32\WindowsPowerShell\v1.0\;C:\Program Files\MySQL\MySQL Server 8.0\bin;D:\dev\Git\cmd;D:\Python;F:\Oracle\app\oracle\product\11.2.0\server\network\ADMIN;D:\Python\scripts;D:\Python\Lib\site-packages;F:\svn\bin;C:\Program Files\nodejs\;C:\WINDOWS\System32\OpenSSH\;D:\Maven\apache-maven-3.5.4\bin;C:\Program Files (x86)\MySQL\MySQL Utilities 1.6\;C:\Program Files\dotnet\;C:\Program Files\Microsoft SQL Server\130\Tools\Binn\;D:\RailsInstaller\Git\cmd;D:\RailsInstaller\Ruby2.1.0\bin;D:\Ruby24-x64\bin;C:\Users\Leon\AppData\Local\Microsoft\WindowsApps;C:\Users\Leon\AppData\Local\GitHubDesktop\bin;F:\securitySSH;F:\Microsoft VS Code\bin;C:\Users\Leon\AppData\Roaming\npm;C:\Users\Leon\AppData\Local\atom\bin;C:\Users\Leon\AppData\Local\Microsoft\WindowsApps;.
九月 17, 2018 12:39:56 下午 org.apache.coyote.AbstractProtocol init
信息: Initializing ProtocolHandler ["http-bio-9100"]
九月 17, 2018 12:39:56 下午 org.apache.coyote.AbstractProtocol init
信息: Initializing ProtocolHandler ["ajp-bio-8009"]
九月 17, 2018 12:39:56 下午 org.apache.catalina.startup.Catalina load
信息: Initialization processed in 1384 ms
九月 17, 2018 12:39:56 下午 org.apache.catalina.core.StandardService startInternal
信息: Starting service Catalina
九月 17, 2018 12:39:56 下午 org.apache.catalina.core.StandardEngine startInternal
信息: Starting Servlet Engine: Apache Tomcat/7.0.52
九月 17, 2018 12:39:56 下午 org.apache.catalina.startup.HostConfig deployWAR
信息: Deploying web application archive F:\DownLoads\apache-tomcat-CAS\apache-tomcat-7.0.52\webapps\cas.war
九月 17, 2018 12:40:18 下午 org.apache.catalina.startup.HostConfig deployDirectory
信息: Deploying web application directory F:\DownLoads\apache-tomcat-CAS\apache-tomcat-7.0.52\webapps\docs
九月 17, 2018 12:40:18 下午 org.apache.catalina.startup.HostConfig deployDirectory
信息: Deploying web application directory F:\DownLoads\apache-tomcat-CAS\apache-tomcat-7.0.52\webapps\examples
九月 17, 2018 12:40:19 下午 org.apache.catalina.startup.HostConfig deployDirectory
信息: Deploying web application directory F:\DownLoads\apache-tomcat-CAS\apache-tomcat-7.0.52\webapps\host-manager
九月 17, 2018 12:40:19 下午 org.apache.catalina.startup.HostConfig deployDirectory
信息: Deploying web application directory F:\DownLoads\apache-tomcat-CAS\apache-tomcat-7.0.52\webapps\manager
九月 17, 2018 12:40:20 下午 org.apache.catalina.startup.HostConfig deployDirectory
信息: Deploying web application directory F:\DownLoads\apache-tomcat-CAS\apache-tomcat-7.0.52\webapps\ROOT
九月 17, 2018 12:40:20 下午 org.apache.coyote.AbstractProtocol start
信息: Starting ProtocolHandler ["http-bio-9100"]
九月 17, 2018 12:40:21 下午 org.apache.coyote.AbstractProtocol start
信息: Starting ProtocolHandler ["ajp-bio-8009"]
九月 17, 2018 12:40:21 下午 org.apache.catalina.startup.Catalina start
信息: Server startup in 25581 ms
九月 17, 2018 12:44:57 下午 org.apache.jasper.compiler.TldLocationsCache tldScanJar
信息: At least one JAR was scanned for TLDs yet contained no TLDs. Enable debug logging for this logger for a complete list of JARs that were scanned but no TLDs were found in them. Skipping unneeded JARs during scanning can improve startup time and JSP compilation time.
九月 17, 2018 12:50:26 下午 org.apache.catalina.core.AprLifecycleListener init
信息: The APR based Apache Tomcat Native library which allows optimal performance in production environments was not found on the java.library.path: D:\Java\jdk1.8.0_31\bin;C:\WINDOWS\Sun\Java\bin;C:\WINDOWS\system32;C:\WINDOWS;F:\VanDyke Software\Clients\;C:\Program Files (x86)\Common Files\NetSarang;F:\OracleXE\app\oracle\product\11.2.0\server\bin;F:\Oracle\app\oracle\product\11.2.0\server\bin;C:\myprograms\hadoop-2.7.1\bin;C:\myprograms\hadoop-2.7.1\sbin;D:\Java\jdk1.8.0_31\bin;D:\Java\jdk1.8.0_31\jre;C:\WINDOWS\system32;C:\WINDOWS;C:\WINDOWS\System32\Wbem;C:\WINDOWS\System32\WindowsPowerShell\v1.0\;C:\Program Files\MySQL\MySQL Server 8.0\bin;D:\dev\Git\cmd;D:\Python;F:\Oracle\app\oracle\product\11.2.0\server\network\ADMIN;D:\Python\scripts;D:\Python\Lib\site-packages;F:\svn\bin;C:\Program Files\nodejs\;C:\WINDOWS\System32\OpenSSH\;D:\Maven\apache-maven-3.5.4\bin;C:\Program Files (x86)\MySQL\MySQL Utilities 1.6\;C:\Program Files\dotnet\;C:\Program Files\Microsoft SQL Server\130\Tools\Binn\;D:\RailsInstaller\Git\cmd;D:\RailsInstaller\Ruby2.1.0\bin;D:\Ruby24-x64\bin;C:\Users\Leon\AppData\Local\Microsoft\WindowsApps;C:\Users\Leon\AppData\Local\GitHubDesktop\bin;F:\securitySSH;F:\Microsoft VS Code\bin;C:\Users\Leon\AppData\Roaming\npm;C:\Users\Leon\AppData\Local\atom\bin;C:\Users\Leon\AppData\Local\Microsoft\WindowsApps;.
九月 17, 2018 12:50:27 下午 org.apache.coyote.AbstractProtocol init
信息: Initializing ProtocolHandler ["http-bio-9100"]
九月 17, 2018 12:50:27 下午 org.apache.coyote.AbstractProtocol init
信息: Initializing ProtocolHandler ["ajp-bio-8009"]
九月 17, 2018 12:50:27 下午 org.apache.catalina.startup.Catalina load
信息: Initialization processed in 919 ms
九月 17, 2018 12:50:27 下午 org.apache.catalina.core.StandardService startInternal
信息: Starting service Catalina
九月 17, 2018 12:50:27 下午 org.apache.catalina.core.StandardEngine startInternal
信息: Starting Servlet Engine: Apache Tomcat/7.0.52
九月 17, 2018 12:50:27 下午 org.apache.catalina.startup.HostConfig deployWAR
信息: Deploying web application archive F:\DownLoads\apache-tomcat-CAS\apache-tomcat-7.0.52\webapps\cas.war
九月 17, 2018 12:50:46 下午 org.apache.catalina.startup.HostConfig deployDirectory
信息: Deploying web application directory F:\DownLoads\apache-tomcat-CAS\apache-tomcat-7.0.52\webapps\docs
九月 17, 2018 12:50:46 下午 org.apache.catalina.startup.HostConfig deployDirectory
信息: Deploying web application directory F:\DownLoads\apache-tomcat-CAS\apache-tomcat-7.0.52\webapps\examples
九月 17, 2018 12:50:48 下午 org.apache.catalina.startup.HostConfig deployDirectory
信息: Deploying web application directory F:\DownLoads\apache-tomcat-CAS\apache-tomcat-7.0.52\webapps\host-manager
九月 17, 2018 12:50:48 下午 org.apache.catalina.startup.HostConfig deployDirectory
信息: Deploying web application directory F:\DownLoads\apache-tomcat-CAS\apache-tomcat-7.0.52\webapps\manager
九月 17, 2018 12:50:48 下午 org.apache.catalina.startup.HostConfig deployDirectory
信息: Deploying web application directory F:\DownLoads\apache-tomcat-CAS\apache-tomcat-7.0.52\webapps\ROOT
九月 17, 2018 12:50:48 下午 org.apache.coyote.AbstractProtocol start
信息: Starting ProtocolHandler ["http-bio-9100"]
九月 17, 2018 12:50:48 下午 org.apache.coyote.AbstractProtocol start
信息: Starting ProtocolHandler ["ajp-bio-8009"]
九月 17, 2018 12:50:48 下午 org.apache.catalina.startup.Catalina start
信息: Server startup in 21693 ms
九月 17, 2018 12:52:06 下午 org.apache.jasper.compiler.TldLocationsCache tldScanJar
信息: At least one JAR was scanned for TLDs yet contained no TLDs. Enable debug logging for this logger for a complete list of JARs that were scanned but no TLDs were found in them. Skipping unneeded JARs during scanning can improve startup time and JSP compilation time.
九月 17, 2018 12:56:53 下午 org.apache.catalina.core.AprLifecycleListener init
信息: The APR based Apache Tomcat Native library which allows optimal performance in production environments was not found on the java.library.path: D:\Java\jdk1.8.0_31\bin;C:\WINDOWS\Sun\Java\bin;C:\WINDOWS\system32;C:\WINDOWS;F:\VanDyke Software\Clients\;C:\Program Files (x86)\Common Files\NetSarang;F:\OracleXE\app\oracle\product\11.2.0\server\bin;F:\Oracle\app\oracle\product\11.2.0\server\bin;C:\myprograms\hadoop-2.7.1\bin;C:\myprograms\hadoop-2.7.1\sbin;D:\Java\jdk1.8.0_31\bin;D:\Java\jdk1.8.0_31\jre;C:\WINDOWS\system32;C:\WINDOWS;C:\WINDOWS\System32\Wbem;C:\WINDOWS\System32\WindowsPowerShell\v1.0\;C:\Program Files\MySQL\MySQL Server 8.0\bin;D:\dev\Git\cmd;D:\Python;F:\Oracle\app\oracle\product\11.2.0\server\network\ADMIN;D:\Python\scripts;D:\Python\Lib\site-packages;F:\svn\bin;C:\Program Files\nodejs\;C:\WINDOWS\System32\OpenSSH\;D:\Maven\apache-maven-3.5.4\bin;C:\Program Files (x86)\MySQL\MySQL Utilities 1.6\;C:\Program Files\dotnet\;C:\Program Files\Microsoft SQL Server\130\Tools\Binn\;D:\RailsInstaller\Git\cmd;D:\RailsInstaller\Ruby2.1.0\bin;D:\Ruby24-x64\bin;C:\Users\Leon\AppData\Local\Microsoft\WindowsApps;C:\Users\Leon\AppData\Local\GitHubDesktop\bin;F:\securitySSH;F:\Microsoft VS Code\bin;C:\Users\Leon\AppData\Roaming\npm;C:\Users\Leon\AppData\Local\atom\bin;C:\Users\Leon\AppData\Local\Microsoft\WindowsApps;.
九月 17, 2018 12:56:54 下午 org.apache.coyote.AbstractProtocol init
信息: Initializing ProtocolHandler ["http-bio-9100"]
九月 17, 2018 12:56:54 下午 org.apache.coyote.AbstractProtocol init
信息: Initializing ProtocolHandler ["ajp-bio-8009"]
九月 17, 2018 12:56:54 下午 org.apache.catalina.startup.Catalina load
信息: Initialization processed in 1164 ms
九月 17, 2018 12:56:54 下午 org.apache.catalina.core.StandardService startInternal
信息: Starting service Catalina
九月 17, 2018 12:56:54 下午 org.apache.catalina.core.StandardEngine startInternal
信息: Starting Servlet Engine: Apache Tomcat/7.0.52
九月 17, 2018 12:56:54 下午 org.apache.catalina.startup.HostConfig deployWAR
信息: Deploying web application archive F:\DownLoads\apache-tomcat-CAS\apache-tomcat-7.0.52\webapps\cas.war
九月 17, 2018 12:57:20 下午 org.apache.catalina.startup.HostConfig deployDirectory
信息: Deploying web application directory F:\DownLoads\apache-tomcat-CAS\apache-tomcat-7.0.52\webapps\docs
九月 17, 2018 12:57:20 下午 org.apache.catalina.startup.HostConfig deployDirectory
信息: Deploying web application directory F:\DownLoads\apache-tomcat-CAS\apache-tomcat-7.0.52\webapps\examples
九月 17, 2018 12:57:22 下午 org.apache.catalina.startup.HostConfig deployDirectory
信息: Deploying web application directory F:\DownLoads\apache-tomcat-CAS\apache-tomcat-7.0.52\webapps\host-manager
九月 17, 2018 12:57:22 下午 org.apache.catalina.startup.HostConfig deployDirectory
信息: Deploying web application directory F:\DownLoads\apache-tomcat-CAS\apache-tomcat-7.0.52\webapps\manager
九月 17, 2018 12:57:22 下午 org.apache.catalina.startup.HostConfig deployDirectory
信息: Deploying web application directory F:\DownLoads\apache-tomcat-CAS\apache-tomcat-7.0.52\webapps\ROOT
九月 17, 2018 12:57:23 下午 org.apache.coyote.AbstractProtocol start
信息: Starting ProtocolHandler ["http-bio-9100"]
九月 17, 2018 12:57:23 下午 org.apache.coyote.AbstractProtocol start
信息: Starting ProtocolHandler ["ajp-bio-8009"]
九月 17, 2018 12:57:23 下午 org.apache.catalina.startup.Catalina start
信息: Server startup in 29398 ms
九月 17, 2018 1:16:06 下午 org.apache.catalina.core.AprLifecycleListener init
信息: The APR based Apache Tomcat Native library which allows optimal performance in production environments was not found on the java.library.path: D:\Java\jdk1.8.0_31\bin;C:\WINDOWS\Sun\Java\bin;C:\WINDOWS\system32;C:\WINDOWS;F:\VanDyke Software\Clients\;C:\Program Files (x86)\Common Files\NetSarang;F:\OracleXE\app\oracle\product\11.2.0\server\bin;F:\Oracle\app\oracle\product\11.2.0\server\bin;C:\myprograms\hadoop-2.7.1\bin;C:\myprograms\hadoop-2.7.1\sbin;D:\Java\jdk1.8.0_31\bin;D:\Java\jdk1.8.0_31\jre;C:\WINDOWS\system32;C:\WINDOWS;C:\WINDOWS\System32\Wbem;C:\WINDOWS\System32\WindowsPowerShell\v1.0\;C:\Program Files\MySQL\MySQL Server 8.0\bin;D:\dev\Git\cmd;D:\Python;F:\Oracle\app\oracle\product\11.2.0\server\network\ADMIN;D:\Python\scripts;D:\Python\Lib\site-packages;F:\svn\bin;C:\Program Files\nodejs\;C:\WINDOWS\System32\OpenSSH\;D:\Maven\apache-maven-3.5.4\bin;C:\Program Files (x86)\MySQL\MySQL Utilities 1.6\;C:\Program Files\dotnet\;C:\Program Files\Microsoft SQL Server\130\Tools\Binn\;D:\RailsInstaller\Git\cmd;D:\RailsInstaller\Ruby2.1.0\bin;D:\Ruby24-x64\bin;C:\Users\Leon\AppData\Local\Microsoft\WindowsApps;C:\Users\Leon\AppData\Local\GitHubDesktop\bin;F:\securitySSH;F:\Microsoft VS Code\bin;C:\Users\Leon\AppData\Roaming\npm;C:\Users\Leon\AppData\Local\atom\bin;C:\Users\Leon\AppData\Local\Microsoft\WindowsApps;.
九月 17, 2018 1:16:07 下午 org.apache.coyote.AbstractProtocol init
信息: Initializing ProtocolHandler ["http-bio-9100"]
九月 17, 2018 1:16:07 下午 org.apache.coyote.AbstractProtocol init
信息: Initializing ProtocolHandler ["ajp-bio-8009"]
九月 17, 2018 1:16:07 下午 org.apache.catalina.startup.Catalina load
信息: Initialization processed in 943 ms
九月 17, 2018 1:16:07 下午 org.apache.catalina.core.StandardService startInternal
信息: Starting service Catalina
九月 17, 2018 1:16:07 下午 org.apache.catalina.core.StandardEngine startInternal
信息: Starting Servlet Engine: Apache Tomcat/7.0.52
九月 17, 2018 1:16:07 下午 org.apache.catalina.startup.HostConfig deployWAR
信息: Deploying web application archive F:\DownLoads\apache-tomcat-CAS\apache-tomcat-7.0.52\webapps\cas.war
九月 17, 2018 1:16:25 下午 org.apache.catalina.startup.HostConfig deployDirectory
信息: Deploying web application directory F:\DownLoads\apache-tomcat-CAS\apache-tomcat-7.0.52\webapps\docs
九月 17, 2018 1:16:26 下午 org.apache.catalina.startup.HostConfig deployDirectory
信息: Deploying web application directory F:\DownLoads\apache-tomcat-CAS\apache-tomcat-7.0.52\webapps\examples
九月 17, 2018 1:16:27 下午 org.apache.catalina.startup.HostConfig deployDirectory
信息: Deploying web application directory F:\DownLoads\apache-tomcat-CAS\apache-tomcat-7.0.52\webapps\host-manager
九月 17, 2018 1:16:28 下午 org.apache.catalina.startup.HostConfig deployDirectory
信息: Deploying web application directory F:\DownLoads\apache-tomcat-CAS\apache-tomcat-7.0.52\webapps\manager
九月 17, 2018 1:16:31 下午 org.apache.catalina.startup.HostConfig deployDirectory
信息: Deploying web application directory F:\DownLoads\apache-tomcat-CAS\apache-tomcat-7.0.52\webapps\ROOT
九月 17, 2018 1:16:31 下午 org.apache.coyote.AbstractProtocol start
信息: Starting ProtocolHandler ["http-bio-9100"]
九月 17, 2018 1:16:31 下午 org.apache.coyote.AbstractProtocol start
信息: Starting ProtocolHandler ["ajp-bio-8009"]
九月 17, 2018 1:16:31 下午 org.apache.catalina.startup.Catalina start
信息: Server startup in 24652 ms
