九月 17, 2018 11:40:55 上午 org.apache.catalina.core.ApplicationContext log
信息: No Spring WebApplicationInitializer types detected on classpath
九月 17, 2018 11:40:55 上午 org.apache.catalina.core.ApplicationContext log
信息: Initializing Spring root WebApplicationContext
九月 17, 2018 11:41:44 上午 org.apache.catalina.core.ApplicationContext log
信息: No Spring WebApplicationInitializer types detected on classpath
九月 17, 2018 11:41:44 上午 org.apache.catalina.core.ApplicationContext log
信息: Initializing Spring root WebApplicationContext
九月 17, 2018 11:41:47 上午 org.apache.catalina.core.ApplicationContext log
信息: Initializing Spring FrameworkServlet 'cas'
九月 17, 2018 11:41:48 上午 org.apache.catalina.core.ApplicationContext log
信息: ContextListener: contextInitialized()
九月 17, 2018 11:41:48 上午 org.apache.catalina.core.ApplicationContext log
信息: SessionListener: contextInitialized()
九月 17, 2018 11:41:48 上午 org.apache.catalina.core.ApplicationContext log
信息: ContextListener: attributeAdded('org.apache.jasper.compiler.TldLocationsCache', 'org.apache.jasper.compiler.TldLocationsCache@4f1226f')
九月 17, 2018 11:43:49 上午 org.apache.catalina.core.ApplicationContext log
信息: No Spring WebApplicationInitializer types detected on classpath
九月 17, 2018 11:43:49 上午 org.apache.catalina.core.ApplicationContext log
信息: Initializing Spring root WebApplicationContext
九月 17, 2018 11:43:52 上午 org.apache.catalina.core.ApplicationContext log
信息: Initializing Spring FrameworkServlet 'cas'
九月 17, 2018 11:43:53 上午 org.apache.catalina.core.ApplicationContext log
信息: ContextListener: contextInitialized()
九月 17, 2018 11:43:53 上午 org.apache.catalina.core.ApplicationContext log
信息: SessionListener: contextInitialized()
九月 17, 2018 11:43:53 上午 org.apache.catalina.core.ApplicationContext log
信息: ContextListener: attributeAdded('org.apache.jasper.compiler.TldLocationsCache', 'org.apache.jasper.compiler.TldLocationsCache@1a56f1ee')
九月 17, 2018 11:50:10 上午 org.apache.catalina.core.ApplicationContext log
信息: No Spring WebApplicationInitializer types detected on classpath
九月 17, 2018 11:50:10 上午 org.apache.catalina.core.ApplicationContext log
信息: Initializing Spring root WebApplicationContext
九月 17, 2018 11:50:13 上午 org.apache.catalina.core.ApplicationContext log
信息: Initializing Spring FrameworkServlet 'cas'
九月 17, 2018 11:50:14 上午 org.apache.catalina.core.ApplicationContext log
信息: ContextListener: contextInitialized()
九月 17, 2018 11:50:14 上午 org.apache.catalina.core.ApplicationContext log
信息: SessionListener: contextInitialized()
九月 17, 2018 11:50:14 上午 org.apache.catalina.core.ApplicationContext log
信息: ContextListener: attributeAdded('org.apache.jasper.compiler.TldLocationsCache', 'org.apache.jasper.compiler.TldLocationsCache@73a828b6')
九月 17, 2018 12:18:02 下午 org.apache.catalina.core.ApplicationContext log
信息: No Spring WebApplicationInitializer types detected on classpath
九月 17, 2018 12:18:02 下午 org.apache.catalina.core.ApplicationContext log
信息: Initializing Spring root WebApplicationContext
九月 17, 2018 12:18:11 下午 org.apache.catalina.core.ApplicationContext log
信息: Initializing Spring FrameworkServlet 'cas'
九月 17, 2018 12:18:15 下午 org.apache.catalina.core.ApplicationContext log
信息: ContextListener: contextInitialized()
九月 17, 2018 12:18:15 下午 org.apache.catalina.core.ApplicationContext log
信息: SessionListener: contextInitialized()
九月 17, 2018 12:18:15 下午 org.apache.catalina.core.ApplicationContext log
信息: ContextListener: attributeAdded('org.apache.jasper.compiler.TldLocationsCache', 'org.apache.jasper.compiler.TldLocationsCache@1a56f1ee')
九月 17, 2018 12:40:04 下午 org.apache.catalina.core.ApplicationContext log
信息: No Spring WebApplicationInitializer types detected on classpath
九月 17, 2018 12:40:05 下午 org.apache.catalina.core.ApplicationContext log
信息: Initializing Spring root WebApplicationContext
九月 17, 2018 12:40:17 下午 org.apache.catalina.core.ApplicationContext log
信息: Initializing Spring FrameworkServlet 'cas'
九月 17, 2018 12:40:19 下午 org.apache.catalina.core.ApplicationContext log
信息: ContextListener: contextInitialized()
九月 17, 2018 12:40:19 下午 org.apache.catalina.core.ApplicationContext log
信息: SessionListener: contextInitialized()
九月 17, 2018 12:40:19 下午 org.apache.catalina.core.ApplicationContext log
信息: ContextListener: attributeAdded('org.apache.jasper.compiler.TldLocationsCache', 'org.apache.jasper.compiler.TldLocationsCache@59439ca4')
九月 17, 2018 12:50:33 下午 org.apache.catalina.core.ApplicationContext log
信息: No Spring WebApplicationInitializer types detected on classpath
九月 17, 2018 12:50:34 下午 org.apache.catalina.core.ApplicationContext log
信息: Initializing Spring root WebApplicationContext
九月 17, 2018 12:50:44 下午 org.apache.catalina.core.ApplicationContext log
信息: Initializing Spring FrameworkServlet 'cas'
九月 17, 2018 12:50:48 下午 org.apache.catalina.core.ApplicationContext log
信息: ContextListener: contextInitialized()
九月 17, 2018 12:50:48 下午 org.apache.catalina.core.ApplicationContext log
信息: SessionListener: contextInitialized()
九月 17, 2018 12:50:48 下午 org.apache.catalina.core.ApplicationContext log
信息: ContextListener: attributeAdded('org.apache.jasper.compiler.TldLocationsCache', 'org.apache.jasper.compiler.TldLocationsCache@59439ca4')
九月 17, 2018 12:57:03 下午 org.apache.catalina.core.ApplicationContext log
信息: No Spring WebApplicationInitializer types detected on classpath
九月 17, 2018 12:57:04 下午 org.apache.catalina.core.ApplicationContext log
信息: Initializing Spring root WebApplicationContext
九月 17, 2018 12:57:18 下午 org.apache.catalina.core.ApplicationContext log
信息: Initializing Spring FrameworkServlet 'cas'
九月 17, 2018 12:57:22 下午 org.apache.catalina.core.ApplicationContext log
信息: ContextListener: contextInitialized()
九月 17, 2018 12:57:22 下午 org.apache.catalina.core.ApplicationContext log
信息: SessionListener: contextInitialized()
九月 17, 2018 12:57:22 下午 org.apache.catalina.core.ApplicationContext log
信息: ContextListener: attributeAdded('org.apache.jasper.compiler.TldLocationsCache', 'org.apache.jasper.compiler.TldLocationsCache@59439ca4')
九月 17, 2018 1:16:12 下午 org.apache.catalina.core.ApplicationContext log
信息: No Spring WebApplicationInitializer types detected on classpath
九月 17, 2018 1:16:12 下午 org.apache.catalina.core.ApplicationContext log
信息: Initializing Spring root WebApplicationContext
九月 17, 2018 1:16:23 下午 org.apache.catalina.core.ApplicationContext log
信息: Initializing Spring FrameworkServlet 'cas'
九月 17, 2018 1:16:27 下午 org.apache.catalina.core.ApplicationContext log
信息: ContextListener: contextInitialized()
九月 17, 2018 1:16:27 下午 org.apache.catalina.core.ApplicationContext log
信息: SessionListener: contextInitialized()
九月 17, 2018 1:16:27 下午 org.apache.catalina.core.ApplicationContext log
信息: ContextListener: attributeAdded('org.apache.jasper.compiler.TldLocationsCache', 'org.apache.jasper.compiler.TldLocationsCache@65893a')
